<?xml version="1.0" encoding="UTF-8"?>
<robot generator="Robot 3.2.1 (Python 3.8.5 on win32)" generated="20221219 16:47:18.557" rpa="false">
<suite id="s1" name="NewRepair" source="C:\Users\rafika.demni\eclipse-workspace\NewRepair">
<suite id="s1-s1" name="Tests" source="C:\Users\rafika.demni\eclipse-workspace\NewRepair\Tests">
<suite id="s1-s1-s1" name="Intake" source="C:\Users\rafika.demni\eclipse-workspace\NewRepair\Tests\Intake">
<suite id="s1-s1-s1-s1" name="LeakDetection" source="C:\Users\rafika.demni\eclipse-workspace\NewRepair\Tests\Intake\LeakDetection.robot">
<test id="s1-s1-s1-s1-t1" name="TC_Create Intake">
<kw name="Start Application Local" library="Common">
<kw name="Open Browser" library="SeleniumLibrary">
<doc>Opens a new browser instance to the given ``url``.</doc>
<arguments>
<arg>${Website_url}</arg>
<arg>${Browser}</arg>
</arguments>
<msg timestamp="20221219 16:47:18.975" level="INFO">Opening browser 'Chrome' to base url 'https://wa-newrepair-repair-portal-s.azurewebsites.net/#/pages/login'.</msg>
<status status="PASS" starttime="20221219 16:47:18.975" endtime="20221219 16:47:25.482"></status>
</kw>
<kw name="Sleep" library="BuiltIn">
<doc>Pauses the test executed for the given time.</doc>
<arguments>
<arg>5</arg>
</arguments>
<msg timestamp="20221219 16:47:30.495" level="INFO">Slept 5 seconds</msg>
<status status="PASS" starttime="20221219 16:47:25.482" endtime="20221219 16:47:30.495"></status>
</kw>
<kw name="Click Button" library="SeleniumLibrary">
<doc>Clicks button identified by ``locator``.</doc>
<arguments>
<arg>//button[normalize-space()='CED medewerker']</arg>
</arguments>
<msg timestamp="20221219 16:47:30.496" level="INFO">Clicking button '//button[normalize-space()='CED medewerker']'.</msg>
<status status="PASS" starttime="20221219 16:47:30.495" endtime="20221219 16:47:30.581"></status>
</kw>
<kw name="Sleep" library="BuiltIn">
<doc>Pauses the test executed for the given time.</doc>
<arguments>
<arg>2</arg>
</arguments>
<msg timestamp="20221219 16:47:32.595" level="INFO">Slept 2 seconds</msg>
<status status="PASS" starttime="20221219 16:47:30.581" endtime="20221219 16:47:32.595"></status>
</kw>
<kw name="Wait Until Keyword Succeeds" library="BuiltIn">
<doc>Runs the specified keyword and retries if it fails.</doc>
<arguments>
<arg>5x</arg>
<arg>0.5 sec</arg>
<arg>Click element</arg>
<arg>(//input[@id='i0116'])[1]</arg>
</arguments>
<kw name="Click Element" library="SeleniumLibrary">
<doc>Click element identified by ``locator``.</doc>
<arguments>
<arg>(//input[@id='i0116'])[1]</arg>
</arguments>
<msg timestamp="20221219 16:47:32.597" level="INFO">Clicking element '(//input[@id='i0116'])[1]'.</msg>
<kw name="Capture Page Screenshot" library="SeleniumLibrary">
<doc>Takes screenshot of the current page and embeds it into log file.</doc>
<msg timestamp="20221219 16:47:33.109" level="INFO" html="yes">&lt;/td&gt;&lt;/tr&gt;&lt;tr&gt;&lt;td colspan="3"&gt;&lt;a href="selenium-screenshot-9.png"&gt;&lt;img src="selenium-screenshot-9.png" width="800px"&gt;&lt;/a&gt;</msg>
<status status="PASS" starttime="20221219 16:47:32.613" endtime="20221219 16:47:33.110"></status>
</kw>
<msg timestamp="20221219 16:47:33.116" level="FAIL">Element with locator '(//input[@id='i0116'])[1]' not found.</msg>
<status status="FAIL" starttime="20221219 16:47:32.596" endtime="20221219 16:47:33.117"></status>
</kw>
<kw name="Click Element" library="SeleniumLibrary">
<doc>Click element identified by ``locator``.</doc>
<arguments>
<arg>(//input[@id='i0116'])[1]</arg>
</arguments>
<msg timestamp="20221219 16:47:33.620" level="INFO">Clicking element '(//input[@id='i0116'])[1]'.</msg>
<status status="PASS" starttime="20221219 16:47:33.619" endtime="20221219 16:47:33.665"></status>
</kw>
<status status="PASS" starttime="20221219 16:47:32.595" endtime="20221219 16:47:33.665"></status>
</kw>
<kw name="Wait Until Keyword Succeeds" library="BuiltIn">
<doc>Runs the specified keyword and retries if it fails.</doc>
<arguments>
<arg>5x</arg>
<arg>0.5 sec</arg>
<arg>Input Text</arg>
<arg>(//input[@id='i0116'])[1]</arg>
<arg>dossiercoordinator-testrepair@ced.nl</arg>
</arguments>
<kw name="Input Text" library="SeleniumLibrary">
<doc>Types the given ``text`` into text field identified by ``locator``.</doc>
<arguments>
<arg>(//input[@id='i0116'])[1]</arg>
<arg>dossiercoordinator-testrepair@ced.nl</arg>
</arguments>
<msg timestamp="20221219 16:47:33.666" level="INFO">Typing text 'dossiercoordinator-testrepair@ced.nl' into text field '(//input[@id='i0116'])[1]'.</msg>
<status status="PASS" starttime="20221219 16:47:33.666" endtime="20221219 16:47:33.754"></status>
</kw>
<status status="PASS" starttime="20221219 16:47:33.666" endtime="20221219 16:47:33.755"></status>
</kw>
<kw name="Wait Until Keyword Succeeds" library="BuiltIn">
<doc>Runs the specified keyword and retries if it fails.</doc>
<arguments>
<arg>5x</arg>
<arg>0.5 sec</arg>
<arg>Click button</arg>
<arg>(//input[@id='idSIButton9'])[1]</arg>
</arguments>
<kw name="Click Button" library="SeleniumLibrary">
<doc>Clicks button identified by ``locator``.</doc>
<arguments>
<arg>(//input[@id='idSIButton9'])[1]</arg>
</arguments>
<msg timestamp="20221219 16:47:33.756" level="INFO">Clicking button '(//input[@id='idSIButton9'])[1]'.</msg>
<status status="PASS" starttime="20221219 16:47:33.755" endtime="20221219 16:47:33.808"></status>
</kw>
<status status="PASS" starttime="20221219 16:47:33.755" endtime="20221219 16:47:33.809"></status>
</kw>
<kw name="Sleep" library="BuiltIn">
<doc>Pauses the test executed for the given time.</doc>
<arguments>
<arg>3</arg>
</arguments>
<msg timestamp="20221219 16:47:36.812" level="INFO">Slept 3 seconds</msg>
<status status="PASS" starttime="20221219 16:47:33.810" endtime="20221219 16:47:36.813"></status>
</kw>
<kw name="Wait Until Keyword Succeeds" library="BuiltIn">
<doc>Runs the specified keyword and retries if it fails.</doc>
<arguments>
<arg>5x</arg>
<arg>0.5 sec</arg>
<arg>Input text</arg>
<arg>(//input[@id='i0118'])[1]</arg>
<arg>4fYo*|W4I(OuNQnWZ&gt;U(</arg>
</arguments>
<kw name="Input Text" library="SeleniumLibrary">
<doc>Types the given ``text`` into text field identified by ``locator``.</doc>
<arguments>
<arg>(//input[@id='i0118'])[1]</arg>
<arg>4fYo*|W4I(OuNQnWZ&gt;U(</arg>
</arguments>
<msg timestamp="20221219 16:47:36.816" level="INFO">Typing text '4fYo*|W4I(OuNQnWZ&gt;U(' into text field '(//input[@id='i0118'])[1]'.</msg>
<status status="PASS" starttime="20221219 16:47:36.815" endtime="20221219 16:47:36.908"></status>
</kw>
<status status="PASS" starttime="20221219 16:47:36.814" endtime="20221219 16:47:36.908"></status>
</kw>
<kw name="Wait Until Keyword Succeeds" library="BuiltIn">
<doc>Runs the specified keyword and retries if it fails.</doc>
<arguments>
<arg>5x</arg>
<arg>0.5 sec</arg>
<arg>Click Button</arg>
<arg>(//input[@id='idSIButton9'])[1]</arg>
</arguments>
<kw name="Click Button" library="SeleniumLibrary">
<doc>Clicks button identified by ``locator``.</doc>
<arguments>
<arg>(//input[@id='idSIButton9'])[1]</arg>
</arguments>
<msg timestamp="20221219 16:47:36.909" level="INFO">Clicking button '(//input[@id='idSIButton9'])[1]'.</msg>
<status status="PASS" starttime="20221219 16:47:36.909" endtime="20221219 16:47:37.416"></status>
</kw>
<status status="PASS" starttime="20221219 16:47:36.908" endtime="20221219 16:47:37.417"></status>
</kw>
<kw name="Sleep" library="BuiltIn">
<doc>Pauses the test executed for the given time.</doc>
<arguments>
<arg>3</arg>
</arguments>
<msg timestamp="20221219 16:47:40.430" level="INFO">Slept 3 seconds</msg>
<status status="PASS" starttime="20221219 16:47:37.417" endtime="20221219 16:47:40.431"></status>
</kw>
<kw name="Wait Until Page Contains Element" library="SeleniumLibrary">
<doc>Waits until element ``locator`` appears on current page.</doc>
<arguments>
<arg>(//input[@id='idSIButton9'])[1]</arg>
</arguments>
<status status="PASS" starttime="20221219 16:47:40.432" endtime="20221219 16:47:40.445"></status>
</kw>
<kw name="Click Button" library="SeleniumLibrary">
<doc>Clicks button identified by ``locator``.</doc>
<arguments>
<arg>(//input[@id='idSIButton9'])[1]</arg>
</arguments>
<msg timestamp="20221219 16:47:40.446" level="INFO">Clicking button '(//input[@id='idSIButton9'])[1]'.</msg>
<status status="PASS" starttime="20221219 16:47:40.445" endtime="20221219 16:47:45.015"></status>
</kw>
<kw name="Sleep" library="BuiltIn">
<doc>Pauses the test executed for the given time.</doc>
<arguments>
<arg>2</arg>
</arguments>
<msg timestamp="20221219 16:47:47.025" level="INFO">Slept 2 seconds</msg>
<status status="PASS" starttime="20221219 16:47:45.016" endtime="20221219 16:47:47.025"></status>
</kw>
<status status="PASS" starttime="20221219 16:47:18.974" endtime="20221219 16:47:47.026"></status>
</kw>
<kw name="Set up language profile" library="Common">
<kw name="Sleep" library="BuiltIn">
<doc>Pauses the test executed for the given time.</doc>
<arguments>
<arg>5</arg>
</arguments>
<msg timestamp="20221219 16:47:52.039" level="INFO">Slept 5 seconds</msg>
<status status="PASS" starttime="20221219 16:47:47.029" endtime="20221219 16:47:52.041"></status>
</kw>
<kw name="Click Element" library="SeleniumLibrary">
<doc>Click element identified by ``locator``.</doc>
<arguments>
<arg>//b[@class='hidden-xs desktop']</arg>
</arguments>
<msg timestamp="20221219 16:47:52.045" level="INFO">Clicking element '//b[@class='hidden-xs desktop']'.</msg>
<status status="PASS" starttime="20221219 16:47:52.042" endtime="20221219 16:47:52.188"></status>
</kw>
<kw name="Wait Until Page Contains Element" library="SeleniumLibrary">
<doc>Waits until element ``locator`` appears on current page.</doc>
<arguments>
<arg>//li[normalize-space()='Mijn profiel']</arg>
</arguments>
<status status="PASS" starttime="20221219 16:47:52.188" endtime="20221219 16:47:52.199"></status>
</kw>
<kw name="Click Element" library="SeleniumLibrary">
<doc>Click element identified by ``locator``.</doc>
<arguments>
<arg>//li[normalize-space()='Mijn profiel']</arg>
</arguments>
<msg timestamp="20221219 16:47:52.200" level="INFO">Clicking element '//li[normalize-space()='Mijn profiel']'.</msg>
<status status="PASS" starttime="20221219 16:47:52.199" endtime="20221219 16:47:52.276"></status>
</kw>
<kw name="Wait Until Page Contains Element" library="SeleniumLibrary">
<doc>Waits until element ``locator`` appears on current page.</doc>
<arguments>
<arg>//button[normalize-space()='English']</arg>
</arguments>
<status status="PASS" starttime="20221219 16:47:52.277" endtime="20221219 16:47:52.287"></status>
</kw>
<kw name="Click Element" library="SeleniumLibrary">
<doc>Click element identified by ``locator``.</doc>
<arguments>
<arg>//button[normalize-space()='English']</arg>
</arguments>
<msg timestamp="20221219 16:47:52.288" level="INFO">Clicking element '//button[normalize-space()='English']'.</msg>
<status status="PASS" starttime="20221219 16:47:52.288" endtime="20221219 16:47:52.361"></status>
</kw>
<kw name="Click Element" library="SeleniumLibrary">
<doc>Click element identified by ``locator``.</doc>
<arguments>
<arg>//button[normalize-space()='Dashboard']</arg>
</arguments>
<msg timestamp="20221219 16:47:52.362" level="INFO">Clicking element '//button[normalize-space()='Dashboard']'.</msg>
<status status="PASS" starttime="20221219 16:47:52.361" endtime="20221219 16:47:52.551"></status>
</kw>
<kw name="Sleep" library="BuiltIn">
<doc>Pauses the test executed for the given time.</doc>
<arguments>
<arg>3</arg>
</arguments>
<msg timestamp="20221219 16:47:55.558" level="INFO">Slept 3 seconds</msg>
<status status="PASS" starttime="20221219 16:47:52.551" endtime="20221219 16:47:55.559"></status>
</kw>
<kw name="Page Should Contain" library="SeleniumLibrary">
<doc>Verifies that current page contains ``text``.</doc>
<arguments>
<arg>Dashboard</arg>
</arguments>
<msg timestamp="20221219 16:47:55.601" level="INFO">Current page contains text 'Dashboard'.</msg>
<status status="PASS" starttime="20221219 16:47:55.561" endtime="20221219 16:47:55.602"></status>
</kw>
<status status="PASS" starttime="20221219 16:47:47.027" endtime="20221219 16:47:55.602"></status>
</kw>
<kw name="Create Intake" library="Intake">
<kw name="Start new intake" library="Intake">
<kw name="Maximize Browser Window" library="SeleniumLibrary">
<doc>Maximizes current browser window.</doc>
<status status="PASS" starttime="20221219 16:47:55.604" endtime="20221219 16:47:55.730"></status>
</kw>
<kw name="Click Element" library="SeleniumLibrary">
<doc>Click element identified by ``locator``.</doc>
<arguments>
<arg>xpath=/html/body/app-root/app-dashboard/div/main/div/ng-component/div/div/app-menu-stepper/div/div/div/kendo-panelbar[1]/kendo-panelbar-item/span/span</arg>
</arguments>
<msg timestamp="20221219 16:47:55.732" level="INFO">Clicking element 'xpath=/html/body/app-root/app-dashboard/div/main/div/ng-component/div/div/app-menu-stepper/div/div/div/kendo-panelbar[1]/kendo-panelbar-item/span/span'.</msg>
<status status="PASS" starttime="20221219 16:47:55.731" endtime="20221219 16:47:55.852"></status>
</kw>
<kw name="Sleep" library="BuiltIn">
<doc>Pauses the test executed for the given time.</doc>
<arguments>
<arg>5</arg>
</arguments>
<msg timestamp="20221219 16:48:00.860" level="INFO">Slept 5 seconds</msg>
<status status="PASS" starttime="20221219 16:47:55.852" endtime="20221219 16:48:00.862"></status>
</kw>
<kw name="Page Should Contain" library="SeleniumLibrary">
<doc>Verifies that current page contains ``text``.</doc>
<arguments>
<arg>Intake</arg>
</arguments>
<msg timestamp="20221219 16:48:00.891" level="INFO">Current page contains text 'Intake'.</msg>
<status status="PASS" starttime="20221219 16:48:00.862" endtime="20221219 16:48:00.891"></status>
</kw>
<kw name="Click Element" library="SeleniumLibrary">
<doc>Click element identified by ``locator``.</doc>
<arguments>
<arg>xpath=/html/body/app-root/app-dashboard/div/main/div/ng-component/div/div/app-menu-stepper/div/div/div/kendo-panelbar[1]/kendo-panelbar-item/div/div/kendo-panelbar-item[1]/span</arg>
</arguments>
<msg timestamp="20221219 16:48:00.892" level="INFO">Clicking element 'xpath=/html/body/app-root/app-dashboard/div/main/div/ng-component/div/div/app-menu-stepper/div/div/div/kendo-panelbar[1]/kendo-panelbar-item/div/div/kendo-panelbar-item[1]/span'.</msg>
<status status="PASS" starttime="20221219 16:48:00.892" endtime="20221219 16:48:01.088"></status>
</kw>
<kw name="Sleep" library="BuiltIn">
<doc>Pauses the test executed for the given time.</doc>
<arguments>
<arg>5</arg>
</arguments>
<msg timestamp="20221219 16:48:06.101" level="INFO">Slept 5 seconds</msg>
<status status="PASS" starttime="20221219 16:48:01.089" endtime="20221219 16:48:06.103"></status>
</kw>
<status status="PASS" starttime="20221219 16:47:55.603" endtime="20221219 16:48:06.104"></status>
</kw>
<kw name="Fill in General information" library="Intake">
<kw name="Click Element" library="SeleniumLibrary">
<doc>Click element identified by ``locator``.</doc>
<arguments>
<arg>//span[@class='k-icon k-i-arrow-s']</arg>
</arguments>
<msg timestamp="20221219 16:48:06.109" level="INFO">Clicking element '//span[@class='k-icon k-i-arrow-s']'.</msg>
<status status="PASS" starttime="20221219 16:48:06.108" endtime="20221219 16:48:06.314"></status>
</kw>
<kw name="Sleep" library="BuiltIn">
<doc>Pauses the test executed for the given time.</doc>
<arguments>
<arg>5</arg>
</arguments>
<msg timestamp="20221219 16:48:11.327" level="INFO">Slept 5 seconds</msg>
<status status="PASS" starttime="20221219 16:48:06.315" endtime="20221219 16:48:11.328"></status>
</kw>
<kw name="Mouse Down" library="SeleniumLibrary">
<doc>Simulates pressing the left mouse button on the element ``locator``.</doc>
<arguments>
<arg>xpath=//li[text()='Wormer Wonen']</arg>
</arguments>
<msg timestamp="20221219 16:48:11.332" level="INFO">Simulating Mouse Down on element 'xpath=//li[text()='Wormer Wonen']'.</msg>
<status status="PASS" starttime="20221219 16:48:11.330" endtime="20221219 16:48:11.673"></status>
</kw>
<kw name="Click Element" library="SeleniumLibrary">
<doc>Click element identified by ``locator``.</doc>
<arguments>
<arg>xpath=//li[text()='Wormer Wonen']</arg>
</arguments>
<msg timestamp="20221219 16:48:11.676" level="INFO">Clicking element 'xpath=//li[text()='Wormer Wonen']'.</msg>
<status status="PASS" starttime="20221219 16:48:11.675" endtime="20221219 16:48:11.754"></status>
</kw>
<kw name="Sleep" library="BuiltIn">
<doc>Pauses the test executed for the given time.</doc>
<arguments>
<arg>5</arg>
</arguments>
<msg timestamp="20221219 16:48:16.761" level="INFO">Slept 5 seconds</msg>
<status status="PASS" starttime="20221219 16:48:11.755" endtime="20221219 16:48:16.762"></status>
</kw>
<kw name="Click Element" library="SeleniumLibrary">
<doc>Click element identified by ``locator``.</doc>
<arguments>
<arg>//span[normalize-space()='Leakage detection']</arg>
</arguments>
<msg timestamp="20221219 16:48:16.765" level="INFO">Clicking element '//span[normalize-space()='Leakage detection']'.</msg>
<status status="PASS" starttime="20221219 16:48:16.763" endtime="20221219 16:48:16.883"></status>
</kw>
<kw name="Click Element" library="SeleniumLibrary">
<doc>Click element identified by ``locator``.</doc>
<arguments>
<arg>//button[normalize-space()='Proceed']</arg>
</arguments>
<msg timestamp="20221219 16:48:16.884" level="INFO">Clicking element '//button[normalize-space()='Proceed']'.</msg>
<status status="PASS" starttime="20221219 16:48:16.884" endtime="20221219 16:48:17.127"></status>
</kw>
<status status="PASS" starttime="20221219 16:48:06.105" endtime="20221219 16:48:17.128"></status>
</kw>
<kw name="Fill in person information" library="Intake">
<kw name="Input Text" library="SeleniumLibrary">
<doc>Types the given ``text`` into text field identified by ``locator``.</doc>
<arguments>
<arg>//input[@placeholder='Postal Code']</arg>
<arg>3016CH</arg>
</arguments>
<msg timestamp="20221219 16:48:17.129" level="INFO">Typing text '3016CH' into text field '//input[@placeholder='Postal Code']'.</msg>
<status status="PASS" starttime="20221219 16:48:17.128" endtime="20221219 16:48:17.403"></status>
</kw>
<kw name="Input Text" library="SeleniumLibrary">
<doc>Types the given ``text`` into text field identified by ``locator``.</doc>
<arguments>
<arg>//input[@placeholder='House Number']</arg>
<arg>10</arg>
</arguments>
<msg timestamp="20221219 16:48:17.404" level="INFO">Typing text '10' into text field '//input[@placeholder='House Number']'.</msg>
<status status="PASS" starttime="20221219 16:48:17.403" endtime="20221219 16:48:17.552"></status>
</kw>
<kw name="Sleep" library="BuiltIn">
<doc>Pauses the test executed for the given time.</doc>
<arguments>
<arg>3</arg>
</arguments>
<msg timestamp="20221219 16:48:20.563" level="INFO">Slept 3 seconds</msg>
<status status="PASS" starttime="20221219 16:48:17.552" endtime="20221219 16:48:20.564"></status>
</kw>
<kw name="Click Element" library="SeleniumLibrary">
<doc>Click element identified by ``locator``.</doc>
<arguments>
<arg>//input[@id='female']</arg>
</arguments>
<msg timestamp="20221219 16:48:20.568" level="INFO">Clicking element '//input[@id='female']'.</msg>
<status status="PASS" starttime="20221219 16:48:20.566" endtime="20221219 16:48:20.675"></status>
</kw>
<kw name="Input Text" library="SeleniumLibrary">
<doc>Types the given ``text`` into text field identified by ``locator``.</doc>
<arguments>
<arg>//input[@placeholder='First name duped']</arg>
<arg>Rafika</arg>
</arguments>
<msg timestamp="20221219 16:48:20.676" level="INFO">Typing text 'Rafika' into text field '//input[@placeholder='First name duped']'.</msg>
<status status="PASS" starttime="20221219 16:48:20.675" endtime="20221219 16:48:20.819"></status>
</kw>
<kw name="Input Text" library="SeleniumLibrary">
<doc>Types the given ``text`` into text field identified by ``locator``.</doc>
<arguments>
<arg>//input[@placeholder='Surname duped']</arg>
<arg>Demni_auto LD</arg>
</arguments>
<msg timestamp="20221219 16:48:20.820" level="INFO">Typing text 'Demni_auto LD' into text field '//input[@placeholder='Surname duped']'.</msg>
<status status="PASS" starttime="20221219 16:48:20.819" endtime="20221219 16:48:20.969"></status>
</kw>
<kw name="Sleep" library="BuiltIn">
<doc>Pauses the test executed for the given time.</doc>
<arguments>
<arg>2</arg>
</arguments>
<msg timestamp="20221219 16:48:22.975" level="INFO">Slept 2 seconds</msg>
<status status="PASS" starttime="20221219 16:48:20.969" endtime="20221219 16:48:22.976"></status>
</kw>
<kw name="Click Button" library="SeleniumLibrary">
<doc>Clicks button identified by ``locator``.</doc>
<arguments>
<arg>//button[normalize-space()='Proceed']</arg>
</arguments>
<msg timestamp="20221219 16:48:22.980" level="INFO">Clicking button '//button[normalize-space()='Proceed']'.</msg>
<status status="PASS" starttime="20221219 16:48:22.978" endtime="20221219 16:48:23.232"></status>
</kw>
<kw name="Sleep" library="BuiltIn">
<doc>Pauses the test executed for the given time.</doc>
<arguments>
<arg>3</arg>
</arguments>
<msg timestamp="20221219 16:48:26.244" level="INFO">Slept 3 seconds</msg>
<status status="PASS" starttime="20221219 16:48:23.232" endtime="20221219 16:48:26.244"></status>
</kw>
<kw name="Page Should Contain" library="SeleniumLibrary">
<doc>Verifies that current page contains ``text``.</doc>
<arguments>
<arg>Policy info</arg>
</arguments>
<msg timestamp="20221219 16:48:26.273" level="INFO">Current page contains text 'Policy info'.</msg>
<status status="PASS" starttime="20221219 16:48:26.244" endtime="20221219 16:48:26.273"></status>
</kw>
<status status="PASS" starttime="20221219 16:48:17.128" endtime="20221219 16:48:26.274"></status>
</kw>
<kw name="Fill in Policy" library="Intake">
<kw name="Input Text" library="SeleniumLibrary">
<doc>Types the given ``text`` into text field identified by ``locator``.</doc>
<arguments>
<arg>//input[@placeholder='Policy Nr']</arg>
<arg>1305</arg>
</arguments>
<msg timestamp="20221219 16:48:26.275" level="INFO">Typing text '1305' into text field '//input[@placeholder='Policy Nr']'.</msg>
<status status="PASS" starttime="20221219 16:48:26.275" endtime="20221219 16:48:26.383"></status>
</kw>
<kw name="Wait Until Page Contains Element" library="SeleniumLibrary">
<doc>Waits until element ``locator`` appears on current page.</doc>
<arguments>
<arg>(//input[@placeholder='Damage Nr'])[1]</arg>
</arguments>
<status status="PASS" starttime="20221219 16:48:26.383" endtime="20221219 16:48:26.393"></status>
</kw>
<kw name="Input Text" library="SeleniumLibrary">
<doc>Types the given ``text`` into text field identified by ``locator``.</doc>
<arguments>
<arg>(//input[@placeholder='Damage Nr'])[1]</arg>
<arg>1225</arg>
</arguments>
<msg timestamp="20221219 16:48:26.395" level="INFO">Typing text '1225' into text field '(//input[@placeholder='Damage Nr'])[1]'.</msg>
<status status="PASS" starttime="20221219 16:48:26.394" endtime="20221219 16:48:26.488"></status>
</kw>
<kw name="Click Element" library="SeleniumLibrary">
<doc>Click element identified by ``locator``.</doc>
<arguments>
<arg>xpath=/html/body/app-root/app-dashboard/div/main/div/app-new-intake/div/div/div/app-policy-info/div/div[2]/div/div[1]/form/div[2]/div/kendo-panelbar/kendo-panelbar-item/div/div/app-policy-detail/div/kendo-card[3]/kendo-card-body/div/div[1]/input</arg>
</arguments>
<msg timestamp="20221219 16:48:26.490" level="INFO">Clicking element 'xpath=/html/body/app-root/app-dashboard/div/main/div/app-new-intake/div/div/div/app-policy-info/div/div[2]/div/div[1]/form/div[2]/div/kendo-panelbar/kendo-panelbar-item/div/div/app-policy-detail/div/kendo-card[3]/kendo-card-body/div/div[1]/input'.</msg>
<status status="PASS" starttime="20221219 16:48:26.490" endtime="20221219 16:48:26.552"></status>
</kw>
<kw name="Click Button" library="SeleniumLibrary">
<doc>Clicks button identified by ``locator``.</doc>
<arguments>
<arg>(//button[normalize-space()='Proceed'])[1]</arg>
</arguments>
<msg timestamp="20221219 16:48:26.553" level="INFO">Clicking button '(//button[normalize-space()='Proceed'])[1]'.</msg>
<status status="PASS" starttime="20221219 16:48:26.552" endtime="20221219 16:48:26.659"></status>
</kw>
<kw name="Sleep" library="BuiltIn">
<doc>Pauses the test executed for the given time.</doc>
<arguments>
<arg>2</arg>
</arguments>
<msg timestamp="20221219 16:48:28.666" level="INFO">Slept 2 seconds</msg>
<status status="PASS" starttime="20221219 16:48:26.659" endtime="20221219 16:48:28.666"></status>
</kw>
<kw name="Page Should Contain" library="SeleniumLibrary">
<doc>Verifies that current page contains ``text``.</doc>
<arguments>
<arg>Document &amp; photo upload</arg>
</arguments>
<msg timestamp="20221219 16:48:28.689" level="INFO">Current page contains text 'Document &amp; photo upload'.</msg>
<status status="PASS" starttime="20221219 16:48:28.667" endtime="20221219 16:48:28.689"></status>
</kw>
<status status="PASS" starttime="20221219 16:48:26.274" endtime="20221219 16:48:28.690"></status>
</kw>
<kw name="Document upload" library="Intake">
<arguments>
<arg>C:\\Users\\rafika.demni\\eclipse-workspace\\NewRepair\\Modules\\PageObjects/${DocPdfPath}</arg>
<arg>PDF</arg>
</arguments>
<kw name="Click Element" library="SeleniumLibrary">
<doc>Click element identified by ``locator``.</doc>
<arguments>
<arg>//div[@aria-label='Select files...']</arg>
</arguments>
<msg timestamp="20221219 16:48:28.692" level="INFO">Clicking element '//div[@aria-label='Select files...']'.</msg>
<status status="PASS" starttime="20221219 16:48:28.691" endtime="20221219 16:48:28.758"></status>
</kw>
<kw name="Sleep" library="BuiltIn">
<doc>Pauses the test executed for the given time.</doc>
<arguments>
<arg>1</arg>
</arguments>
<msg timestamp="20221219 16:48:29.773" level="INFO">Slept 1 second</msg>
<status status="PASS" starttime="20221219 16:48:28.759" endtime="20221219 16:48:29.774"></status>
</kw>
<kw name="Choose File" library="SeleniumLibrary">
<doc>Inputs the ``file_path`` into file input field ``locator``.</doc>
<arguments>
<arg>//input[@name='files']</arg>
<arg>${doc_path}</arg>
</arguments>
<status status="PASS" starttime="20221219 16:48:29.775" endtime="20221219 16:48:29.860"></status>
</kw>
<kw name="Sleep" library="BuiltIn">
<doc>Pauses the test executed for the given time.</doc>
<arguments>
<arg>2</arg>
</arguments>
<msg timestamp="20221219 16:48:31.876" level="INFO">Slept 2 seconds</msg>
<status status="PASS" starttime="20221219 16:48:29.861" endtime="20221219 16:48:31.876"></status>
</kw>
<kw name="Click Button" library="SeleniumLibrary">
<doc>Clicks button identified by ``locator``.</doc>
<arguments>
<arg>(//button[normalize-space()='Proceed'])[1]</arg>
</arguments>
<msg timestamp="20221219 16:48:31.878" level="INFO">Clicking button '(//button[normalize-space()='Proceed'])[1]'.</msg>
<status status="PASS" starttime="20221219 16:48:31.877" endtime="20221219 16:48:32.238"></status>
</kw>
<kw name="Sleep" library="BuiltIn">
<doc>Pauses the test executed for the given time.</doc>
<arguments>
<arg>2</arg>
</arguments>
<msg timestamp="20221219 16:48:34.246" level="INFO">Slept 2 seconds</msg>
<status status="PASS" starttime="20221219 16:48:32.239" endtime="20221219 16:48:34.246"></status>
</kw>
<kw name="Page Should Contain" library="SeleniumLibrary">
<doc>Verifies that current page contains ``text``.</doc>
<arguments>
<arg>Damage info</arg>
</arguments>
<msg timestamp="20221219 16:48:34.264" level="INFO">Current page contains text 'Damage info'.</msg>
<status status="PASS" starttime="20221219 16:48:34.246" endtime="20221219 16:48:34.264"></status>
</kw>
<status status="PASS" starttime="20221219 16:48:28.690" endtime="20221219 16:48:34.264"></status>
</kw>
<kw name="Fill in damage info" library="Intake">
<kw name="Click Element" library="SeleniumLibrary">
<doc>Click element identified by ``locator``.</doc>
<arguments>
<arg>//span[@class='k-icon k-i-calendar']</arg>
</arguments>
<msg timestamp="20221219 16:48:34.265" level="INFO">Clicking element '//span[@class='k-icon k-i-calendar']'.</msg>
<status status="PASS" starttime="20221219 16:48:34.265" endtime="20221219 16:48:34.393"></status>
</kw>
<kw name="Wait Until Page Contains Element" library="SeleniumLibrary">
<doc>Waits until element ``locator`` appears on current page.</doc>
<arguments>
<arg>//kendo-popup[@class='k-animation-container k-animation-container-shown']</arg>
</arguments>
<status status="PASS" starttime="20221219 16:48:34.393" endtime="20221219 16:48:34.628"></status>
</kw>
<kw name="Click Element" library="SeleniumLibrary">
<doc>Click element identified by ``locator``.</doc>
<arguments>
<arg>//kendo-popup[@class='k-animation-container k-animation-container-shown']</arg>
</arguments>
<msg timestamp="20221219 16:48:34.630" level="INFO">Clicking element '//kendo-popup[@class='k-animation-container k-animation-container-shown']'.</msg>
<status status="PASS" starttime="20221219 16:48:34.629" endtime="20221219 16:48:34.702"></status>
</kw>
<kw name="Sleep" library="BuiltIn">
<doc>Pauses the test executed for the given time.</doc>
<arguments>
<arg>3</arg>
</arguments>
<msg timestamp="20221219 16:48:37.709" level="INFO">Slept 3 seconds</msg>
<status status="PASS" starttime="20221219 16:48:34.703" endtime="20221219 16:48:37.710"></status>
</kw>
<kw name="Wait Until Page Contains Element" library="SeleniumLibrary">
<doc>Waits until element ``locator`` appears on current page.</doc>
<arguments>
<arg>(//input[@role='combobox'])[1]</arg>
</arguments>
<status status="PASS" starttime="20221219 16:48:37.711" endtime="20221219 16:48:37.748"></status>
</kw>
<kw name="Click Element" library="SeleniumLibrary">
<doc>Click element identified by ``locator``.</doc>
<arguments>
<arg>(//span[@class='k-select'])[2]</arg>
</arguments>
<msg timestamp="20221219 16:48:37.749" level="INFO">Clicking element '(//span[@class='k-select'])[2]'.</msg>
<status status="PASS" starttime="20221219 16:48:37.749" endtime="20221219 16:48:37.836"></status>
</kw>
<kw name="Sleep" library="BuiltIn">
<doc>Pauses the test executed for the given time.</doc>
<arguments>
<arg>3</arg>
</arguments>
<msg timestamp="20221219 16:48:40.842" level="INFO">Slept 3 seconds</msg>
<status status="PASS" starttime="20221219 16:48:37.836" endtime="20221219 16:48:40.843"></status>
</kw>
<kw name="Mouse Down" library="SeleniumLibrary">
<doc>Simulates pressing the left mouse button on the element ``locator``.</doc>
<arguments>
<arg>xpath=//li[text()='Water']</arg>
</arguments>
<msg timestamp="20221219 16:48:40.846" level="INFO">Simulating Mouse Down on element 'xpath=//li[text()='Water']'.</msg>
<status status="PASS" starttime="20221219 16:48:40.844" endtime="20221219 16:48:41.151"></status>
</kw>
<kw name="Click Element" library="SeleniumLibrary">
<doc>Click element identified by ``locator``.</doc>
<arguments>
<arg>xpath=//li[text()='Water']</arg>
</arguments>
<msg timestamp="20221219 16:48:41.152" level="INFO">Clicking element 'xpath=//li[text()='Water']'.</msg>
<status status="PASS" starttime="20221219 16:48:41.151" endtime="20221219 16:48:41.239"></status>
</kw>
<kw name="Click Element" library="SeleniumLibrary">
<doc>Click element identified by ``locator``.</doc>
<arguments>
<arg>//input[@id='inftwoyears']</arg>
</arguments>
<msg timestamp="20221219 16:48:41.240" level="INFO">Clicking element '//input[@id='inftwoyears']'.</msg>
<status status="PASS" starttime="20221219 16:48:41.240" endtime="20221219 16:48:41.398"></status>
</kw>
<kw name="Input Text" library="SeleniumLibrary">
<doc>Types the given ``text`` into text field identified by ``locator``.</doc>
<arguments>
<arg>(//input[@role='combobox'])[2]</arg>
<arg>Leakage from devices connected to piping</arg>
</arguments>
<msg timestamp="20221219 16:48:41.399" level="INFO">Typing text 'Leakage from devices connected to piping' into text field '(//input[@role='combobox'])[2]'.</msg>
<status status="PASS" starttime="20221219 16:48:41.398" endtime="20221219 16:48:41.810"></status>
</kw>
<kw name="Sleep" library="BuiltIn">
<doc>Pauses the test executed for the given time.</doc>
<arguments>
<arg>2</arg>
</arguments>
<msg timestamp="20221219 16:48:43.821" level="INFO">Slept 2 seconds</msg>
<status status="PASS" starttime="20221219 16:48:41.811" endtime="20221219 16:48:43.822"></status>
</kw>
<kw name="Click Element" library="SeleniumLibrary">
<doc>Click element identified by ``locator``.</doc>
<arguments>
<arg>//div[@formarrayname='damageInformations']</arg>
</arguments>
<msg timestamp="20221219 16:48:43.826" level="INFO">Clicking element '//div[@formarrayname='damageInformations']'.</msg>
<status status="PASS" starttime="20221219 16:48:43.824" endtime="20221219 16:48:43.939"></status>
</kw>
<kw name="Sleep" library="BuiltIn">
<doc>Pauses the test executed for the given time.</doc>
<arguments>
<arg>2</arg>
</arguments>
<msg timestamp="20221219 16:48:45.951" level="INFO">Slept 2 seconds</msg>
<status status="PASS" starttime="20221219 16:48:43.940" endtime="20221219 16:48:45.952"></status>
</kw>
<kw name="Input Text" library="SeleniumLibrary">
<doc>Types the given ``text`` into text field identified by ``locator``.</doc>
<arguments>
<arg>(//input[@role='combobox'])[3]</arg>
<arg>Washing machine</arg>
</arguments>
<msg timestamp="20221219 16:48:45.954" level="INFO">Typing text 'Washing machine' into text field '(//input[@role='combobox'])[3]'.</msg>
<status status="PASS" starttime="20221219 16:48:45.953" endtime="20221219 16:48:46.183"></status>
</kw>
<kw name="Sleep" library="BuiltIn">
<doc>Pauses the test executed for the given time.</doc>
<arguments>
<arg>2</arg>
</arguments>
<msg timestamp="20221219 16:48:48.200" level="INFO">Slept 2 seconds</msg>
<status status="PASS" starttime="20221219 16:48:46.185" endtime="20221219 16:48:48.200"></status>
</kw>
<kw name="Input Text" library="SeleniumLibrary">
<doc>Types the given ``text`` into text field identified by ``locator``.</doc>
<arguments>
<arg>(//input[@role='combobox'])[4]</arg>
<arg>Flat / apartment</arg>
</arguments>
<msg timestamp="20221219 16:48:48.201" level="INFO">Typing text 'Flat / apartment' into text field '(//input[@role='combobox'])[4]'.</msg>
<status status="PASS" starttime="20221219 16:48:48.201" endtime="20221219 16:48:48.413"></status>
</kw>
<kw name="Sleep" library="BuiltIn">
<doc>Pauses the test executed for the given time.</doc>
<arguments>
<arg>3</arg>
</arguments>
<msg timestamp="20221219 16:48:51.421" level="INFO">Slept 3 seconds</msg>
<status status="PASS" starttime="20221219 16:48:48.413" endtime="20221219 16:48:51.422"></status>
</kw>
<kw name="Input Text" library="SeleniumLibrary">
<doc>Types the given ``text`` into text field identified by ``locator``.</doc>
<arguments>
<arg>//kendo-combobox[@formcontrolname='location']//input[@role='combobox']</arg>
<arg>Annex</arg>
</arguments>
<msg timestamp="20221219 16:48:51.426" level="INFO">Typing text 'Annex' into text field '//kendo-combobox[@formcontrolname='location']//input[@role='combobox']'.</msg>
<status status="PASS" starttime="20221219 16:48:51.424" endtime="20221219 16:48:51.647"></status>
</kw>
<kw name="Sleep" library="BuiltIn">
<doc>Pauses the test executed for the given time.</doc>
<arguments>
<arg>3</arg>
</arguments>
<msg timestamp="20221219 16:48:54.661" level="INFO">Slept 3 seconds</msg>
<status status="PASS" starttime="20221219 16:48:51.647" endtime="20221219 16:48:54.662"></status>
</kw>
<kw name="Wait Until Page Contains Element" library="SeleniumLibrary">
<doc>Waits until element ``locator`` appears on current page.</doc>
<arguments>
<arg>//kendo-combobox[@formcontrolname='object']//input[@role='combobox']</arg>
</arguments>
<status status="PASS" starttime="20221219 16:48:54.663" endtime="20221219 16:48:54.705"></status>
</kw>
<kw name="Click Element" library="SeleniumLibrary">
<doc>Click element identified by ``locator``.</doc>
<arguments>
<arg>//kendo-combobox[@formcontrolname='object']//span[@class='k-icon k-i-arrow-s']</arg>
</arguments>
<msg timestamp="20221219 16:48:54.706" level="INFO">Clicking element '//kendo-combobox[@formcontrolname='object']//span[@class='k-icon k-i-arrow-s']'.</msg>
<status status="PASS" starttime="20221219 16:48:54.706" endtime="20221219 16:48:54.832"></status>
</kw>
<kw name="Sleep" library="BuiltIn">
<doc>Pauses the test executed for the given time.</doc>
<arguments>
<arg>3</arg>
</arguments>
<msg timestamp="20221219 16:48:57.848" level="INFO">Slept 3 seconds</msg>
<status status="PASS" starttime="20221219 16:48:54.834" endtime="20221219 16:48:57.849"></status>
</kw>
<kw name="Mouse Down" library="SeleniumLibrary">
<doc>Simulates pressing the left mouse button on the element ``locator``.</doc>
<arguments>
<arg>xpath=//li[text()='Drainpipes']</arg>
</arguments>
<msg timestamp="20221219 16:48:57.850" level="INFO">Simulating Mouse Down on element 'xpath=//li[text()='Drainpipes']'.</msg>
<status status="PASS" starttime="20221219 16:48:57.849" endtime="20221219 16:48:58.162"></status>
</kw>
<kw name="Click Element" library="SeleniumLibrary">
<doc>Click element identified by ``locator``.</doc>
<arguments>
<arg>xpath=//li[text()='Drainpipes']</arg>
</arguments>
<msg timestamp="20221219 16:48:58.163" level="INFO">Clicking element 'xpath=//li[text()='Drainpipes']'.</msg>
<status status="PASS" starttime="20221219 16:48:58.162" endtime="20221219 16:48:58.266"></status>
</kw>
<kw name="Input Text" library="SeleniumLibrary">
<doc>Types the given ``text`` into text field identified by ``locator``.</doc>
<arguments>
<arg>//kendo-combobox[@formcontrolname='damageType']//input[@role='combobox']</arg>
<arg>Shattered</arg>
</arguments>
<msg timestamp="20221219 16:48:58.267" level="INFO">Typing text 'Shattered' into text field '//kendo-combobox[@formcontrolname='damageType']//input[@role='combobox']'.</msg>
<status status="PASS" starttime="20221219 16:48:58.266" endtime="20221219 16:48:58.496"></status>
</kw>
<kw name="Sleep" library="BuiltIn">
<doc>Pauses the test executed for the given time.</doc>
<arguments>
<arg>2</arg>
</arguments>
<msg timestamp="20221219 16:49:00.502" level="INFO">Slept 2 seconds</msg>
<status status="PASS" starttime="20221219 16:48:58.497" endtime="20221219 16:49:00.503"></status>
</kw>
<kw name="Input Text" library="SeleniumLibrary">
<doc>Types the given ``text`` into text field identified by ``locator``.</doc>
<arguments>
<arg>//kendo-combobox[@formcontrolname='materialCategory']//input[@role='combobox']</arg>
<arg>Various</arg>
</arguments>
<msg timestamp="20221219 16:49:00.506" level="INFO">Typing text 'Various' into text field '//kendo-combobox[@formcontrolname='materialCategory']//input[@role='combobox']'.</msg>
<status status="PASS" starttime="20221219 16:49:00.504" endtime="20221219 16:49:00.712"></status>
</kw>
<kw name="Click Element" library="SeleniumLibrary">
<doc>Click element identified by ``locator``.</doc>
<arguments>
<arg>//div[@formarrayname='damageInformations']</arg>
</arguments>
<msg timestamp="20221219 16:49:00.713" level="INFO">Clicking element '//div[@formarrayname='damageInformations']'.</msg>
<status status="PASS" starttime="20221219 16:49:00.712" endtime="20221219 16:49:00.792"></status>
</kw>
<kw name="Sleep" library="BuiltIn">
<doc>Pauses the test executed for the given time.</doc>
<arguments>
<arg>3</arg>
</arguments>
<msg timestamp="20221219 16:49:03.796" level="INFO">Slept 3 seconds</msg>
<status status="PASS" starttime="20221219 16:49:00.792" endtime="20221219 16:49:03.797"></status>
</kw>
<kw name="Input Text" library="SeleniumLibrary">
<doc>Types the given ``text`` into text field identified by ``locator``.</doc>
<arguments>
<arg>(//input[@role='combobox'])[10]</arg>
<arg>Wood</arg>
</arguments>
<msg timestamp="20221219 16:49:03.801" level="INFO">Typing text 'Wood' into text field '(//input[@role='combobox'])[10]'.</msg>
<status status="PASS" starttime="20221219 16:49:03.799" endtime="20221219 16:49:03.972"></status>
</kw>
<kw name="Click Element" library="SeleniumLibrary">
<doc>Click element identified by ``locator``.</doc>
<arguments>
<arg>//div[@formarrayname='damageInformations']</arg>
</arguments>
<msg timestamp="20221219 16:49:03.973" level="INFO">Clicking element '//div[@formarrayname='damageInformations']'.</msg>
<status status="PASS" starttime="20221219 16:49:03.973" endtime="20221219 16:49:04.039"></status>
</kw>
<kw name="Click Element" library="SeleniumLibrary">
<doc>Click element identified by ``locator``.</doc>
<arguments>
<arg>//input[@value='light']</arg>
</arguments>
<msg timestamp="20221219 16:49:04.039" level="INFO">Clicking element '//input[@value='light']'.</msg>
<status status="PASS" starttime="20221219 16:49:04.039" endtime="20221219 16:49:04.100"></status>
</kw>
<kw name="Sleep" library="BuiltIn">
<doc>Pauses the test executed for the given time.</doc>
<arguments>
<arg>2</arg>
</arguments>
<msg timestamp="20221219 16:49:06.105" level="INFO">Slept 2 seconds</msg>
<status status="PASS" starttime="20221219 16:49:04.100" endtime="20221219 16:49:06.105"></status>
</kw>
<kw name="Click Button" library="SeleniumLibrary">
<doc>Clicks button identified by ``locator``.</doc>
<arguments>
<arg>(//button[normalize-space()='Proceed'])[1]</arg>
</arguments>
<msg timestamp="20221219 16:49:06.107" level="INFO">Clicking button '(//button[normalize-space()='Proceed'])[1]'.</msg>
<status status="PASS" starttime="20221219 16:49:06.106" endtime="20221219 16:49:06.273"></status>
</kw>
<kw name="Sleep" library="BuiltIn">
<doc>Pauses the test executed for the given time.</doc>
<arguments>
<arg>6</arg>
</arguments>
<msg timestamp="20221219 16:49:12.281" level="INFO">Slept 6 seconds</msg>
<status status="PASS" starttime="20221219 16:49:06.273" endtime="20221219 16:49:12.282"></status>
</kw>
<kw name="Page Should Contain" library="SeleniumLibrary">
<doc>Verifies that current page contains ``text``.</doc>
<arguments>
<arg>Planning</arg>
</arguments>
<msg timestamp="20221219 16:49:12.307" level="INFO">Current page contains text 'Planning'.</msg>
<status status="PASS" starttime="20221219 16:49:12.282" endtime="20221219 16:49:12.307"></status>
</kw>
<status status="PASS" starttime="20221219 16:48:34.264" endtime="20221219 16:49:12.307"></status>
</kw>
<kw name="Planning" library="Intake">
<kw name="Wait Until Page Contains Element" library="SeleniumLibrary">
<doc>Waits until element ``locator`` appears on current page.</doc>
<arguments>
<arg>//button[normalize-space()='Plan']</arg>
</arguments>
<status status="PASS" starttime="20221219 16:49:12.309" endtime="20221219 16:49:12.321"></status>
</kw>
<kw name="Click Button" library="SeleniumLibrary">
<doc>Clicks button identified by ``locator``.</doc>
<arguments>
<arg>//button[normalize-space()='Plan']</arg>
</arguments>
<msg timestamp="20221219 16:49:12.322" level="INFO">Clicking button '//button[normalize-space()='Plan']'.</msg>
<status status="PASS" starttime="20221219 16:49:12.322" endtime="20221219 16:49:12.418"></status>
</kw>
<kw name="Sleep" library="BuiltIn">
<doc>Pauses the test executed for the given time.</doc>
<arguments>
<arg>2</arg>
</arguments>
<msg timestamp="20221219 16:49:14.428" level="INFO">Slept 2 seconds</msg>
<status status="PASS" starttime="20221219 16:49:12.418" endtime="20221219 16:49:14.428"></status>
</kw>
<kw name="Click Element" library="SeleniumLibrary">
<doc>Click element identified by ``locator``.</doc>
<arguments>
<arg>//h6[normalize-space()='AB Lekdetectie']</arg>
</arguments>
<msg timestamp="20221219 16:49:14.432" level="INFO">Clicking element '//h6[normalize-space()='AB Lekdetectie']'.</msg>
<status status="PASS" starttime="20221219 16:49:14.430" endtime="20221219 16:49:14.518"></status>
</kw>
<kw name="Click Element" library="SeleniumLibrary">
<doc>Click element identified by ``locator``.</doc>
<arguments>
<arg>//button[normalize-space()='Save']</arg>
</arguments>
<msg timestamp="20221219 16:49:14.519" level="INFO">Clicking element '//button[normalize-space()='Save']'.</msg>
<status status="PASS" starttime="20221219 16:49:14.519" endtime="20221219 16:49:14.569"></status>
</kw>
<kw name="Sleep" library="BuiltIn">
<doc>Pauses the test executed for the given time.</doc>
<arguments>
<arg>1</arg>
</arguments>
<msg timestamp="20221219 16:49:15.576" level="INFO">Slept 1 second</msg>
<status status="PASS" starttime="20221219 16:49:14.570" endtime="20221219 16:49:15.577"></status>
</kw>
<kw name="Click Button" library="SeleniumLibrary">
<doc>Clicks button identified by ``locator``.</doc>
<arguments>
<arg>(//button[normalize-space()='Proceed'])[1]</arg>
</arguments>
<msg timestamp="20221219 16:49:15.580" level="INFO">Clicking button '(//button[normalize-space()='Proceed'])[1]'.</msg>
<status status="PASS" starttime="20221219 16:49:15.579" endtime="20221219 16:49:15.831"></status>
</kw>
<kw name="Page Should Contain" library="SeleniumLibrary">
<doc>Verifies that current page contains ``text``.</doc>
<arguments>
<arg>Summary</arg>
</arguments>
<msg timestamp="20221219 16:49:15.847" level="INFO">Current page contains text 'Summary'.</msg>
<status status="PASS" starttime="20221219 16:49:15.831" endtime="20221219 16:49:15.847"></status>
</kw>
<status status="PASS" starttime="20221219 16:49:12.308" endtime="20221219 16:49:15.848"></status>
</kw>
<kw name="Summary" library="Intake">
<kw name="Click Button" library="SeleniumLibrary">
<doc>Clicks button identified by ``locator``.</doc>
<arguments>
<arg>//button[normalize-space()='Finish']</arg>
</arguments>
<msg timestamp="20221219 16:49:15.849" level="INFO">Clicking button '//button[normalize-space()='Finish']'.</msg>
<status status="PASS" starttime="20221219 16:49:15.848" endtime="20221219 16:49:15.935"></status>
</kw>
<status status="PASS" starttime="20221219 16:49:15.848" endtime="20221219 16:49:15.936"></status>
</kw>
<kw name="Request complete" library="Intake">
<kw name="Wait Until Element Is Visible" library="SeleniumLibrary">
<doc>Waits until element ``locator`` is visible.</doc>
<arguments>
<arg>(//button[@primary='true'])[1]</arg>
</arguments>
<status status="PASS" starttime="20221219 16:49:15.936" endtime="20221219 16:49:17.685"></status>
</kw>
<kw name="Click Button" library="SeleniumLibrary">
<doc>Clicks button identified by ``locator``.</doc>
<arguments>
<arg>(//button[@primary='true'])[1]</arg>
</arguments>
<msg timestamp="20221219 16:49:17.687" level="INFO">Clicking button '(//button[@primary='true'])[1]'.</msg>
<status status="PASS" starttime="20221219 16:49:17.686" endtime="20221219 16:49:18.006"></status>
</kw>
<status status="PASS" starttime="20221219 16:49:15.936" endtime="20221219 16:49:18.006"></status>
</kw>
<kw name="Check dossiers" library="Intake">
<kw name="Sleep" library="BuiltIn">
<doc>Pauses the test executed for the given time.</doc>
<arguments>
<arg>5</arg>
</arguments>
<msg timestamp="20221219 16:49:23.019" level="INFO">Slept 5 seconds</msg>
<status status="PASS" starttime="20221219 16:49:18.007" endtime="20221219 16:49:23.021"></status>
</kw>
<kw name="Page Should Contain" library="SeleniumLibrary">
<doc>Verifies that current page contains ``text``.</doc>
<arguments>
<arg>Dossiers</arg>
</arguments>
<msg timestamp="20221219 16:49:23.063" level="INFO">Current page contains text 'Dossiers'.</msg>
<status status="PASS" starttime="20221219 16:49:23.022" endtime="20221219 16:49:23.064"></status>
</kw>
<status status="PASS" starttime="20221219 16:49:18.007" endtime="20221219 16:49:23.064"></status>
</kw>
<status status="PASS" starttime="20221219 16:47:55.602" endtime="20221219 16:49:23.064"></status>
</kw>
<kw name="Close test browsers" library="Common" type="teardown">
<kw name="Close All Browsers" library="SeleniumLibrary">
<doc>Closes all open browsers and resets the browser cache.</doc>
<status status="PASS" starttime="20221219 16:49:23.065" endtime="20221219 16:49:26.448"></status>
</kw>
<status status="PASS" starttime="20221219 16:49:23.065" endtime="20221219 16:49:26.449"></status>
</kw>
<tags>
<tag>Smoke</tag>
</tags>
<status status="PASS" starttime="20221219 16:47:18.974" endtime="20221219 16:49:26.450" critical="yes"></status>
</test>
<status status="PASS" starttime="20221219 16:47:18.661" endtime="20221219 16:49:26.452"></status>
</suite>
<status status="PASS" starttime="20221219 16:47:18.658" endtime="20221219 16:49:26.458"></status>
</suite>
<status status="PASS" starttime="20221219 16:47:18.654" endtime="20221219 16:49:26.463"></status>
</suite>
<status status="PASS" starttime="20221219 16:47:18.630" endtime="20221219 16:49:26.465"></status>
</suite>
<statistics>
<total>
<stat pass="1" fail="0">Critical Tests</stat>
<stat pass="1" fail="0">All Tests</stat>
</total>
<tag>
<stat pass="1" fail="0">Smoke</stat>
</tag>
<suite>
<stat pass="1" fail="0" id="s1" name="NewRepair">NewRepair</stat>
<stat pass="1" fail="0" id="s1-s1" name="Tests">NewRepair.Tests</stat>
<stat pass="1" fail="0" id="s1-s1-s1" name="Intake">NewRepair.Tests.Intake</stat>
<stat pass="1" fail="0" id="s1-s1-s1-s1" name="LeakDetection">NewRepair.Tests.Intake.LeakDetection</stat>
</suite>
</statistics>
<errors>
</errors>
</robot>
